<?xml version="1.0" encoding="UTF-8"?>
<!-- Generated by org.testng.reporters.JUnitXMLReporter -->
<testsuite ignored="4" hostname="Ravi" failures="0" tests="3" name="Test" time="0.117" errors="0" timestamp="2023-04-04T15:44:02 IST">
  <testcase classname="Teastng.Testng_Group" name="TC2" time="0.017"/>
  <testcase classname="Teastng.Testng_Group" name="TC4" time="0.002"/>
  <testcase classname="Teastng.Testng_Group" name="TC7" time="0.007"/>
  <testcase classname="Teastng.Testng_Group" name="TC6" time="0.0">
    <ignored/>
  </testcase> <!-- TC6 -->
  <testcase classname="Teastng.Testng_Group" name="TC3" time="0.0">
    <ignored/>
  </testcase> <!-- TC3 -->
  <testcase classname="Teastng.Testng_Group" name="TC5" time="0.0">
    <ignored/>
  </testcase> <!-- TC5 -->
  <testcase classname="Teastng.Testng_Group" name="TC1" time="0.0">
    <ignored/>
  </testcase> <!-- TC1 -->
</testsuite> <!-- Test -->
