<?xml version="1.0" encoding="UTF-8"?>
<testng-results ignored="0" total="1" passed="1" failed="0" skipped="0">
  <reporter-output>
  </reporter-output>
  <suite started-at="2023-04-17T20:04:21 IST" name="Default suite" finished-at="2023-04-17T20:08:18 IST" duration-ms="237514">
    <groups>
    </groups>
    <test started-at="2023-04-17T20:04:21 IST" name="Default test" finished-at="2023-04-17T20:08:18 IST" duration-ms="237514">
      <class name="DDF_POM_TestANg_baseclass_utility.Githubtest">
        <test-method is-config="true" signature="browserOpen()[pri:0, instance:DDF_POM_TestANg_baseclass_utility.Githubtest@32ee6fee]" started-at="2023-04-17T20:04:21 IST" name="browserOpen" finished-at="2023-04-17T20:06:55 IST" duration-ms="153966" status="PASS">
          <reporter-output>
          </reporter-output>
        </test-method> <!-- browserOpen -->
        <test-method is-config="true" signature="login()[pri:0, instance:DDF_POM_TestANg_baseclass_utility.Githubtest@32ee6fee]" started-at="2023-04-17T20:06:55 IST" name="login" finished-at="2023-04-17T20:07:12 IST" duration-ms="17461" status="PASS">
          <reporter-output>
          </reporter-output>
        </test-method> <!-- login -->
        <test-method signature="test()[pri:0, instance:DDF_POM_TestANg_baseclass_utility.Githubtest@32ee6fee]" started-at="2023-04-17T20:07:12 IST" name="test" finished-at="2023-04-17T20:07:13 IST" duration-ms="286" status="PASS">
          <reporter-output>
          </reporter-output>
        </test-method> <!-- test -->
        <test-method is-config="true" signature="logOut(org.testng.ITestResult)[pri:0, instance:DDF_POM_TestANg_baseclass_utility.Githubtest@32ee6fee]" started-at="2023-04-17T20:07:13 IST" name="logOut" finished-at="2023-04-17T20:08:11 IST" duration-ms="58304" status="PASS">
          <params>
            <param index="0">
              <value>
                <![CDATA[[TestResult name=test status=SUCCESS method=Githubtest.test()[pri:0, instance:DDF_POM_TestANg_baseclass_utility.Githubtest@32ee6fee] output={null}]]]>
              </value>
            </param>
          </params>
          <reporter-output>
          </reporter-output>
        </test-method> <!-- logOut -->
        <test-method is-config="true" signature="closeBrowser()[pri:0, instance:DDF_POM_TestANg_baseclass_utility.Githubtest@32ee6fee]" started-at="2023-04-17T20:08:11 IST" name="closeBrowser" finished-at="2023-04-17T20:08:18 IST" duration-ms="7406" status="PASS">
          <reporter-output>
          </reporter-output>
        </test-method> <!-- closeBrowser -->
      </class> <!-- DDF_POM_TestANg_baseclass_utility.Githubtest -->
    </test> <!-- Default test -->
  </suite> <!-- Default suite -->
</testng-results>
