<?xml version="1.0" encoding="UTF-8"?>
<!-- Generated by org.testng.reporters.JUnitXMLReporter -->
<testsuite ignored="3" hostname="Ravi" failures="0" tests="1" name="Test(failed)(failed)" time="0.111" errors="0" timestamp="2023-04-03T16:27:27 IST">
  <testcase classname="Teastng.Sample2" name="TC6" time="0.019"/>
  <testcase classname="Teastng.Sample2" name="TC5" time="0.0">
    <ignored/>
  </testcase> <!-- TC5 -->
  <testcase classname="Teastng.Sample2" name="TC4" time="0.0">
    <ignored/>
  </testcase> <!-- TC4 -->
  <testcase classname="Teastng.Sample2" name="TC7" time="0.0">
    <ignored/>
  </testcase> <!-- TC7 -->
</testsuite> <!-- Test(failed)(failed) -->
